[progress] parsing inputs...
[progress] Parsing pvl file Alpinist-Examples-Bad/loop_unroll/sortingalgorithms/insertionsort/bad_insertion.pvl
[progress] parsing pass took 10190ms
[progress] AST conversion pass took 270ms
[progress] Read Alpinist-Examples-Bad/loop_unroll/sortingalgorithms/insertionsort/bad_insertion.pvl successfully
[progress] Parsed 1 file(s) in: 10480ms
[progress] [04%] splitCompositeDeclarations took 40 ms
[progress] [08%] loadExternalClasses took 10 ms
[progress] [12%] standardize took 20 ms
[progress] [16%] specifyImplicitLoopLabels took 20 ms
[progress] [20%] propagateAbstractMethodContracts took 20 ms
[progress] [24%] arrayNullValuesToNone took 20 ms
[progress] [28%] finalizeArguments took 10 ms
[progress] [32%] addRequirementSatCheck took 20 ms
[progress] [36%] checkAssignInPar took 20 ms
[progress] [40%] propagateInvariants took 20 ms
[progress] [44%] dummy-InvariantsPropagatedHere took 0 ms
[progress] first parsing pass took 440ms
[progress] AST conversion took 30ms
Could not find file: /usr/share/vercors/res/config/java/lang/Object.java
[progress] first parsing pass took 70ms
[progress] AST conversion took 0ms
[progress] [48%] simplify took 1510 ms
[progress] first parsing pass took 10ms
[progress] AST conversion took 0ms
[progress] [52%] optimizeForSilver took 30 ms
[progress] [56%] desugarArrayOps took 20 ms
[progress] [60%] flattenNestedExpressions took 20 ms
[progress] [64%] encodeInheritanceToDomain took 20 ms
[progress] [68%] importADTsAndRefEncode took 1850 ms
[progress] [72%] returnTypeToOutParameter took 20 ms
[progress] [76%] reduceQuantifierNesting took 30 ms
[progress] [80%] inlinePatternsToTriggers took 30 ms
[progress] [84%] generateQuantifierTriggers took 50 ms
[progress] [88%] scaleAllPredicateApplications took 10 ms
[progress] [92%] collectInnerDeclarations took 20 ms
[progress] [96%] collectDeclarations took 20 ms
[progress] verifying with builtin silicon backend
[progress] conversion took 80ms
Success!
[progress] task Viper verification took 21734 ms
[progress] [100%] applySilicon took 1280 ms
The final verdict is Pass
[progress] entire run took 76482 ms
