[progress] parsing inputs...
[progress] Parsing pvl file Alpinist-Examples-Bad/loop_unroll/examples/div/bad_loop_unroll_div.pvl
[progress] parsing pass took 5440ms
[progress] AST conversion pass took 130ms
[progress] Read Alpinist-Examples-Bad/loop_unroll/examples/div/bad_loop_unroll_div.pvl successfully
[progress] Parsed 1 file(s) in: 5970ms
[progress] [04%] splitCompositeDeclarations took 0 ms
[progress] [08%] loadExternalClasses took 0 ms
[progress] [12%] standardize took 0 ms
[progress] [16%] specifyImplicitLoopLabels took 0 ms
[progress] [20%] propagateAbstractMethodContracts took 0 ms
[progress] [24%] arrayNullValuesToNone took 0 ms
[progress] [28%] addRequirementSatCheck took 0 ms
[progress] [32%] desugarADTOperators took 0 ms
[progress] [36%] checkAssignInPar took 0 ms
[progress] [40%] propagateInvariants took 0 ms
[progress] [44%] dummy-InvariantsPropagatedHere took 0 ms
[progress] first parsing pass took 1500ms
[progress] AST conversion took 50ms
Could not find file: /usr/share/vercors/res/config/java/lang/Object.java
[progress] first parsing pass took 220ms
[progress] AST conversion took 10ms
[progress] [48%] simplify took 2540 ms
[progress] first parsing pass took 0ms
[progress] AST conversion took 30ms
[progress] [52%] optimizeForSilver took 40 ms
[progress] [56%] desugarArrayOps took 0 ms
[progress] [60%] flattenNestedExpressions took 0 ms
[progress] [64%] encodeInheritanceToDomain took 0 ms
[progress] [68%] importADTsAndRefEncode took 5700 ms
[progress] [72%] returnTypeToOutParameter took 0 ms
[progress] [76%] reduceQuantifierNesting took 0 ms
[progress] [80%] inlinePatternsToTriggers took 0 ms
[progress] [84%] generateQuantifierTriggers took 0 ms
[progress] [88%] scaleAllPredicateApplications took 0 ms
[progress] [92%] collectInnerDeclarations took 0 ms
[progress] [96%] collectDeclarations took 0 ms
[progress] verifying with builtin silicon backend
[progress] conversion took 10ms
Success!
[progress] task Viper verification took 35148 ms
[progress] [100%] applySilicon took 1650 ms
The final verdict is Pass
[progress] entire run took 108881 ms
