[progress] parsing inputs...
[progress] Parsing pvl file Alpinist-Examples-Bad/kernel_fusion/KernelFusionWithBarrier/bad_KernelFusionWithBarrier.pvl
[progress] parsing pass took 3290ms
[progress] AST conversion pass took 210ms
[progress] Read Alpinist-Examples-Bad/kernel_fusion/KernelFusionWithBarrier/bad_KernelFusionWithBarrier.pvl successfully
[progress] Parsed 1 file(s) in: 3520ms
[progress] [04%] loadExternalClasses took 40 ms
[progress] [08%] specifyImplicitLoopLabels took 10 ms
[progress] [12%] propagateAbstractMethodContracts took 30 ms
[progress] [16%] arrayNullValuesToNone took 10 ms
[progress] [20%] addRequirementSatCheck took 0 ms
[progress] [25%] checkAssignInPar took 40 ms
[progress] [29%] propagateInvariants took 10 ms
[progress] [33%] dummy-InvariantsPropagatedHere took 0 ms
[progress] [37%] encodeParallelBlocks took 80 ms
[progress] first parsing pass took 590ms
[progress] AST conversion took 70ms
Could not find file: /usr/share/vercors/res/config/java/lang/Object.java
[progress] first parsing pass took 100ms
[progress] AST conversion took 10ms
[progress] [41%] simplify took 1920 ms
[progress] first parsing pass took 20ms
[progress] AST conversion took 10ms
[progress] [45%] simplifySums took 90 ms
[progress] first parsing pass took 0ms
[progress] AST conversion took 0ms
[progress] [50%] optimizeForSilver took 30 ms
[progress] [54%] desugarArrayOps took 20 ms
[progress] [58%] flattenNestedExpressions took 10 ms
[progress] [62%] encodeInheritanceToDomain took 20 ms
[progress] [66%] importADTsAndRefEncode took 1730 ms
[progress] [70%] returnTypeToOutParameter took 20 ms
[progress] [75%] reduceQuantifierNesting took 20 ms
[progress] [79%] inlinePatternsToTriggers took 10 ms
[progress] [83%] generateQuantifierTriggers took 30 ms
[progress] [87%] scaleAllPredicateApplications took 20 ms
[progress] [91%] collectInnerDeclarations took 10 ms
[progress] [95%] collectDeclarations took 20 ms
[progress] verifying with builtin silicon backend
[progress] conversion took 50ms
Success!
[progress] task Viper verification took 16887 ms
[progress] [100%] applySilicon took 1110 ms
The final verdict is Pass
[progress] entire run took 41957 ms
