[progress] parsing inputs...
[progress] Parsing pvl file Alpinist-Examples-Bad/kernel_fusion/KernelFusionFunctionalPost/bad_KernelFusionFunctionalPost.pvl
[progress] parsing pass took 3400ms
[progress] AST conversion pass took 150ms
[progress] Read Alpinist-Examples-Bad/kernel_fusion/KernelFusionFunctionalPost/bad_KernelFusionFunctionalPost.pvl successfully
[progress] Parsed 1 file(s) in: 3570ms
[progress] [04%] loadExternalClasses took 20 ms
[progress] [08%] specifyImplicitLoopLabels took 10 ms
[progress] [12%] propagateAbstractMethodContracts took 20 ms
[progress] [16%] arrayNullValuesToNone took 20 ms
[progress] [20%] addRequirementSatCheck took 20 ms
[progress] [25%] checkAssignInPar took 40 ms
[progress] [29%] propagateInvariants took 10 ms
[progress] [33%] dummy-InvariantsPropagatedHere took 0 ms
[progress] [37%] encodeParallelBlocks took 40 ms
[progress] first parsing pass took 560ms
[progress] AST conversion took 80ms
Could not find file: /usr/share/vercors/res/config/java/lang/Object.java
[progress] first parsing pass took 70ms
[progress] AST conversion took 0ms
[progress] [41%] simplify took 1930 ms
[progress] first parsing pass took 30ms
[progress] AST conversion took 0ms
[progress] [45%] simplifySums took 120 ms
[progress] first parsing pass took 0ms
[progress] AST conversion took 0ms
[progress] [50%] optimizeForSilver took 10 ms
[progress] [54%] desugarArrayOps took 10 ms
[progress] [58%] flattenNestedExpressions took 20 ms
[progress] [62%] encodeInheritanceToDomain took 10 ms
[progress] [66%] importADTsAndRefEncode took 2040 ms
[progress] [70%] returnTypeToOutParameter took 20 ms
[progress] [75%] reduceQuantifierNesting took 10 ms
[progress] [79%] inlinePatternsToTriggers took 20 ms
[progress] [83%] generateQuantifierTriggers took 50 ms
[progress] [87%] scaleAllPredicateApplications took 10 ms
[progress] [91%] collectInnerDeclarations took 30 ms
[progress] [95%] collectDeclarations took 10 ms
[progress] verifying with builtin silicon backend
[progress] conversion took 70ms
Success!
[progress] task Viper verification took 21787 ms
[progress] [100%] applySilicon took 1040 ms
The final verdict is Pass
[progress] entire run took 46948 ms
