[progress] parsing inputs...
[progress] Parsing pvl file Alpinist-Examples-Bad/iteration_merging/examples/iteration_merge/bad_iteration_merge.pvl
[progress] parsing pass took 1890ms
[progress] AST conversion pass took 140ms
[progress] Read Alpinist-Examples-Bad/iteration_merging/examples/iteration_merge/bad_iteration_merge.pvl successfully
[progress] Parsed 1 file(s) in: 2150ms
[progress] [04%] splitCompositeDeclarations took 0 ms
[progress] [08%] loadExternalClasses took 0 ms
[progress] [12%] specifyImplicitLoopLabels took 0 ms
[progress] [16%] propagateAbstractMethodContracts took 0 ms
[progress] [20%] arrayNullValuesToNone took 0 ms
[progress] [24%] addRequirementSatCheck took 0 ms
[progress] [28%] checkAssignInPar took 10 ms
[progress] [32%] propagateInvariants took 0 ms
[progress] [36%] dummy-InvariantsPropagatedHere took 0 ms
[progress] [40%] encodeParallelBlocks took 10 ms
[progress] first parsing pass took 0ms
[progress] AST conversion took 0ms
Could not find file: /usr/share/vercors/res/config/java/lang/Object.java
[progress] first parsing pass took 0ms
[progress] AST conversion took 0ms
[progress] [44%] simplify took 0 ms
[progress] first parsing pass took 0ms
[progress] AST conversion took 0ms
[progress] [48%] simplifySums took 0 ms
[progress] first parsing pass took 0ms
[progress] AST conversion took 0ms
[progress] [52%] optimizeForSilver took 0 ms
[progress] [56%] desugarArrayOps took 0 ms
[progress] [60%] flattenNestedExpressions took 0 ms
[progress] [64%] encodeInheritanceToDomain took 0 ms
[progress] [68%] importADTsAndRefEncode took 3500 ms
[progress] [72%] returnTypeToOutParameter took 0 ms
[progress] [76%] reduceQuantifierNesting took 0 ms
[progress] [80%] inlinePatternsToTriggers took 0 ms
[progress] [84%] generateQuantifierTriggers took 30 ms
[progress] [88%] scaleAllPredicateApplications took 0 ms
[progress] [92%] collectInnerDeclarations took 20 ms
[progress] [96%] collectDeclarations took 0 ms
[progress] verifying with builtin silicon backend
[progress] conversion took 10ms
Success!
[progress] task Viper verification took 29936 ms
[progress] [100%] applySilicon took 1200 ms
The final verdict is Pass
[progress] entire run took 93344 ms
