[progress] parsing inputs...
[progress] Parsing pvl file Alpinist-Examples-Bad/iteration_merging/sortingalgorithms/selectionsort/bad_selection.pvl
[progress] parsing pass took 11070ms
[progress] AST conversion pass took 220ms
[progress] Read Alpinist-Examples-Bad/iteration_merging/sortingalgorithms/selectionsort/bad_selection.pvl successfully
[progress] Parsed 1 file(s) in: 11320ms
[progress] [04%] splitCompositeDeclarations took 30 ms
[progress] [08%] loadExternalClasses took 40 ms
[progress] [12%] standardize took 30 ms
[progress] [16%] specifyImplicitLoopLabels took 50 ms
[progress] [20%] propagateAbstractMethodContracts took 40 ms
[progress] [24%] arrayNullValuesToNone took 30 ms
[progress] [28%] finalizeArguments took 70 ms
[progress] [32%] addRequirementSatCheck took 40 ms
[progress] [36%] checkAssignInPar took 70 ms
[progress] [40%] propagateInvariants took 70 ms
[progress] [44%] dummy-InvariantsPropagatedHere took 0 ms
[progress] first parsing pass took 600ms
[progress] AST conversion took 50ms
Could not find file: /usr/share/vercors/res/config/java/lang/Object.java
[progress] first parsing pass took 60ms
[progress] AST conversion took 10ms
[progress] [48%] simplify took 1860 ms
[progress] first parsing pass took 10ms
[progress] AST conversion took 10ms
[progress] [52%] optimizeForSilver took 50 ms
[progress] [56%] desugarArrayOps took 30 ms
[progress] [60%] flattenNestedExpressions took 20 ms
[progress] [64%] encodeInheritanceToDomain took 20 ms
[progress] [68%] importADTsAndRefEncode took 1680 ms
[progress] [72%] returnTypeToOutParameter took 20 ms
[progress] [76%] reduceQuantifierNesting took 20 ms
[progress] [80%] inlinePatternsToTriggers took 10 ms
[progress] [84%] generateQuantifierTriggers took 50 ms
[progress] [88%] scaleAllPredicateApplications took 10 ms
[progress] [92%] collectInnerDeclarations took 20 ms
[progress] [96%] collectDeclarations took 20 ms
[progress] verifying with builtin silicon backend
[progress] conversion took 80ms
Success!
[progress] task Viper verification took 22854 ms
[progress] [100%] applySilicon took 1540 ms
The final verdict is Pass
[progress] entire run took 67799 ms
