[progress] parsing inputs...
[progress] Parsing pvl file Alpinist-Examples-Bad/kernel_fusion/KernelFusionPaper/bad_KernelFusionPaper.pvl
[progress] parsing pass took 3820ms
[progress] AST conversion pass took 160ms
[progress] Read Alpinist-Examples-Bad/kernel_fusion/KernelFusionPaper/bad_KernelFusionPaper.pvl successfully
[progress] Parsed 1 file(s) in: 4000ms
[progress] [04%] splitCompositeDeclarations took 20 ms
[progress] [08%] loadExternalClasses took 20 ms
[progress] [12%] specifyImplicitLoopLabels took 20 ms
[progress] [16%] propagateAbstractMethodContracts took 10 ms
[progress] [20%] arrayNullValuesToNone took 10 ms
[progress] [24%] addRequirementSatCheck took 20 ms
[progress] [28%] checkAssignInPar took 30 ms
[progress] [32%] propagateInvariants took 10 ms
[progress] [36%] dummy-InvariantsPropagatedHere took 0 ms
[progress] [40%] encodeParallelBlocks took 30 ms
[progress] first parsing pass took 440ms
[progress] AST conversion took 40ms
Could not find file: /usr/share/vercors/res/config/java/lang/Object.java
[progress] first parsing pass took 50ms
[progress] AST conversion took 0ms
[progress] [44%] simplify took 1360 ms
[progress] first parsing pass took 30ms
[progress] AST conversion took 0ms
[progress] [48%] simplifySums took 70 ms
[progress] first parsing pass took 10ms
[progress] AST conversion took 0ms
[progress] [52%] optimizeForSilver took 20 ms
[progress] [56%] desugarArrayOps took 10 ms
[progress] [60%] flattenNestedExpressions took 20 ms
[progress] [64%] encodeInheritanceToDomain took 10 ms
[progress] [68%] importADTsAndRefEncode took 1420 ms
[progress] [72%] returnTypeToOutParameter took 20 ms
[progress] [76%] reduceQuantifierNesting took 30 ms
[progress] [80%] inlinePatternsToTriggers took 20 ms
[progress] [84%] generateQuantifierTriggers took 30 ms
[progress] [88%] scaleAllPredicateApplications took 10 ms
[progress] [92%] collectInnerDeclarations took 30 ms
[progress] [96%] collectDeclarations took 0 ms
[progress] verifying with builtin silicon backend
[progress] conversion took 80ms
Success!
[progress] task Viper verification took 10091 ms
[progress] [100%] applySilicon took 880 ms
The final verdict is Pass
[progress] entire run took 34060 ms
