[progress] parsing inputs...
[progress] Parsing pvl file Alpinist-Examples-Bad/loop_unroll/sortingalgorithms/bubblesort/bad_bubblesort.pvl
[progress] parsing pass took 7640ms
[progress] AST conversion pass took 30ms
[progress] Read Alpinist-Examples-Bad/loop_unroll/sortingalgorithms/bubblesort/bad_bubblesort.pvl successfully
[progress] Parsed 1 file(s) in: 7980ms
[progress] [04%] splitCompositeDeclarations took 0 ms
[progress] [08%] loadExternalClasses took 0 ms
[progress] [12%] standardize took 0 ms
[progress] [16%] specifyImplicitLoopLabels took 380 ms
[progress] [20%] propagateAbstractMethodContracts took 100 ms
[progress] [24%] arrayNullValuesToNone took 0 ms
[progress] [28%] finalizeArguments took 0 ms
[progress] [32%] addRequirementSatCheck took 80 ms
[progress] [36%] checkAssignInPar took 80 ms
[progress] [40%] propagateInvariants took 0 ms
[progress] [44%] dummy-InvariantsPropagatedHere took 0 ms
[progress] first parsing pass took 690ms
[progress] AST conversion took 10ms
Could not find file: /usr/share/vercors/res/config/java/lang/Object.java
[progress] first parsing pass took 200ms
[progress] AST conversion took 50ms
[progress] [48%] simplify took 4970 ms
[progress] first parsing pass took 0ms
[progress] AST conversion took 50ms
[progress] [52%] optimizeForSilver took 70 ms
[progress] [56%] desugarArrayOps took 0 ms
[progress] [60%] flattenNestedExpressions took 0 ms
[progress] [64%] encodeInheritanceToDomain took 0 ms
[progress] [68%] importADTsAndRefEncode took 1960 ms
[progress] [72%] returnTypeToOutParameter took 150 ms
[progress] [76%] reduceQuantifierNesting took 60 ms
[progress] [80%] inlinePatternsToTriggers took 0 ms
[progress] [84%] generateQuantifierTriggers took 0 ms
[progress] [88%] scaleAllPredicateApplications took 0 ms
[progress] [92%] collectInnerDeclarations took 0 ms
[progress] [96%] collectDeclarations took 0 ms
[progress] verifying with builtin silicon backend
[progress] conversion took 150ms
Success!
[progress] task Viper verification took 269946 ms
[progress] [100%] applySilicon took 6960 ms
The final verdict is Pass
[progress] entire run took 416353 ms
