[progress] parsing inputs...
[progress] Parsing pvl file Alpinist-Examples-Bad/iteration_merging/MatrixGrid/bad_MatrixGrid.pvl
[progress] parsing pass took 18080ms
[progress] AST conversion pass took 120ms
[progress] Read Alpinist-Examples-Bad/iteration_merging/MatrixGrid/bad_MatrixGrid.pvl successfully
[progress] Parsed 1 file(s) in: 19030ms
[progress] [04%] splitCompositeDeclarations took 0 ms
[progress] [08%] loadExternalClasses took 0 ms
[progress] [12%] standardize took 0 ms
[progress] [16%] specifyImplicitLoopLabels took 270 ms
[progress] [20%] propagateAbstractMethodContracts took 170 ms
[progress] [24%] arrayNullValuesToNone took 0 ms
[progress] [28%] addRequirementSatCheck took 140 ms
[progress] [32%] pureMethodsToFunctions took 0 ms
[progress] [36%] checkAssignInPar took 0 ms
[progress] [40%] inline took 100 ms
[progress] [44%] dummy-InvariantsPropagatedHere took 0 ms
[progress] first parsing pass took 2110ms
[progress] AST conversion took 60ms
Could not find file: /usr/share/vercors/res/config/java/lang/Object.java
[progress] first parsing pass took 0ms
[progress] AST conversion took 0ms
[progress] [48%] simplify took 2200 ms
[progress] first parsing pass took 0ms
[progress] AST conversion took 0ms
[progress] [52%] optimizeForSilver took 0 ms
[progress] [56%] desugarArrayOps took 0 ms
[progress] [60%] flattenNestedExpressions took 0 ms
[progress] [64%] encodeInheritanceToDomain took 0 ms
[progress] [68%] importADTsAndRefEncode took 0 ms
[progress] [72%] returnTypeToOutParameter took 0 ms
[progress] [76%] reduceQuantifierNesting took 0 ms
[progress] [80%] inlinePatternsToTriggers took 0 ms
[progress] [84%] generateQuantifierTriggers took 0 ms
[progress] [88%] scaleAllPredicateApplications took 0 ms
[progress] [92%] collectInnerDeclarations took 0 ms
[progress] [96%] collectDeclarations took 0 ms
[progress] verifying with builtin silicon backend
[progress] conversion took 0ms
Success!
[progress] task Viper verification took 67301 ms
[progress] [100%] applySilicon took 0 ms
The final verdict is Pass
[progress] entire run took 166838 ms
